<?xml version="1.0" encoding="UTF-8"?>
<testsuite xmlns:xsi="http://www.w3.org/2001/XMLSchema-instance" xsi:schemaLocation="https://maven.apache.org/surefire/maven-surefire-plugin/xsd/surefire-test-report.xsd" name="cs1302.lists.BoxTest" time="0.065" tests="2" errors="0" skipped="0" failures="0">
  <properties>
[...]
</properties>
  <testcase name="testBox" classname="cs1302.lists.BoxTest" time="0.015"/>
  <testcase name="testBoxArray" classname="cs1302.lists.BoxTest" time="0.002"/>
</testsuite>